{"numTotalTestSuites":68,"numPassedTestSuites":68,"numFailedTestSuites":0,"numPendingTestSuites":0,"numTotalTests":150,"numPassedTests":150,"numFailedTests":0,"numPendingTests":0,"numTodoTests":0,"snapshot":{"added":0,"failure":false,"filesAdded":0,"filesRemoved":0,"filesRemovedList":[],"filesUnmatched":0,"filesUpdated":0,"matched":0,"total":0,"unchecked":0,"uncheckedKeysByFile":[],"unmatched":0,"updated":0,"didUpdate":false},"startTime":1764494653411,"success":true,"testResults":[{"assertionResults":[{"ancestorTitles":["API Detector Tests","SponsorBlock Detection"],"fullName":"API Detector Tests SponsorBlock Detection should detect available SponsorBlock","status":"passed","title":"should detect available SponsorBlock","duration":4.03479999999945,"failureMessages":[],"meta":{}},{"ancestorTitles":["API Detector Tests","SponsorBlock Detection"],"fullName":"API Detector Tests SponsorBlock Detection should handle SponsorBlock 400 as available","status":"passed","title":"should handle SponsorBlock 400 as available","duration":0.8531000000002678,"failureMessages":[],"meta":{}},{"ancestorTitles":["API Detector Tests","SponsorBlock Detection"],"fullName":"API Detector Tests SponsorBlock Detection should detect unavailable SponsorBlock","status":"passed","title":"should detect unavailable SponsorBlock","duration":0.45049999999991996,"failureMessages":[],"meta":{}},{"ancestorTitles":["API Detector Tests","DeArrow Detection"],"fullName":"API Detector Tests DeArrow Detection should detect available DeArrow","status":"passed","title":"should detect available DeArrow","duration":6.439099999999598,"failureMessages":[],"meta":{}},{"ancestorTitles":["API Detector Tests","DeArrow Detection"],"fullName":"API Detector Tests DeArrow Detection should detect unavailable DeArrow","status":"passed","title":"should detect unavailable DeArrow","duration":1.5878999999995358,"failureMessages":[],"meta":{}},{"ancestorTitles":["API Detector Tests","Gemini Detection"],"fullName":"API Detector Tests Gemini Detection should return false without API key","status":"passed","title":"should return false without API key","duration":0.928899999999885,"failureMessages":[],"meta":{}},{"ancestorTitles":["API Detector Tests","Gemini Detection"],"fullName":"API Detector Tests Gemini Detection should detect valid Gemini key","status":"passed","title":"should detect valid Gemini key","duration":0.30929999999989377,"failureMessages":[],"meta":{}},{"ancestorTitles":["API Detector Tests","Gemini Detection"],"fullName":"API Detector Tests Gemini Detection should detect invalid Gemini key","status":"passed","title":"should detect invalid Gemini key","duration":0.3688000000001921,"failureMessages":[],"meta":{}},{"ancestorTitles":["API Detector Tests","TMDB Detection"],"fullName":"API Detector Tests TMDB Detection should return false without API key","status":"passed","title":"should return false without API key","duration":0.5334000000002561,"failureMessages":[],"meta":{}},{"ancestorTitles":["API Detector Tests","TMDB Detection"],"fullName":"API Detector Tests TMDB Detection should detect valid TMDB key","status":"passed","title":"should detect valid TMDB key","duration":0.3433999999997468,"failureMessages":[],"meta":{}},{"ancestorTitles":["API Detector Tests","NewsData Detection"],"fullName":"API Detector Tests NewsData Detection should return false without API key","status":"passed","title":"should return false without API key","duration":0.20850000000064028,"failureMessages":[],"meta":{}},{"ancestorTitles":["API Detector Tests","NewsData Detection"],"fullName":"API Detector Tests NewsData Detection should detect valid NewsData key","status":"passed","title":"should detect valid NewsData key","duration":0.16489999999976135,"failureMessages":[],"meta":{}},{"ancestorTitles":["API Detector Tests","GoogleFactCheck Detection"],"fullName":"API Detector Tests GoogleFactCheck Detection should return false without API key","status":"passed","title":"should return false without API key","duration":0.39069999999992433,"failureMessages":[],"meta":{}},{"ancestorTitles":["API Detector Tests","GoogleFactCheck Detection"],"fullName":"API Detector Tests GoogleFactCheck Detection should detect valid GoogleFactCheck key","status":"passed","title":"should detect valid GoogleFactCheck key","duration":2.5215999999991254,"failureMessages":[],"meta":{}},{"ancestorTitles":["API Detector Tests","Get All Available APIs"],"fullName":"API Detector Tests Get All Available APIs should check all APIs with config","status":"passed","title":"should check all APIs with config","duration":2.379899999999907,"failureMessages":[],"meta":{}},{"ancestorTitles":["API Detector Tests","Get All Available APIs"],"fullName":"API Detector Tests Get All Available APIs should handle empty config","status":"passed","title":"should handle empty config","duration":0.3257000000003245,"failureMessages":[],"meta":{}},{"ancestorTitles":["API Detector Tests","Get All Available APIs"],"fullName":"API Detector Tests Get All Available APIs should handle mixed availability","status":"passed","title":"should handle mixed availability","duration":0.5143000000007305,"failureMessages":[],"meta":{}}],"startTime":1764494658258,"endTime":1764494658288.5144,"status":"passed","message":"","name":"C:/AM/GitHub/YouTube-AI-Navigator/tests/api-detector.test.js"},{"assertionResults":[{"ancestorTitles":["API Metrics Tests","Recording Calls"],"fullName":"API Metrics Tests Recording Calls should record successful call","status":"passed","title":"should record successful call","duration":3.0999999999994543,"failureMessages":[],"meta":{}},{"ancestorTitles":["API Metrics Tests","Recording Calls"],"fullName":"API Metrics Tests Recording Calls should record failed call","status":"passed","title":"should record failed call","duration":2.0679000000000087,"failureMessages":[],"meta":{}},{"ancestorTitles":["API Metrics Tests","Recording Calls"],"fullName":"API Metrics Tests Recording Calls should calculate average duration correctly","status":"passed","title":"should calculate average duration correctly","duration":0.5959999999995489,"failureMessages":[],"meta":{}},{"ancestorTitles":["API Metrics Tests","Recording Calls"],"fullName":"API Metrics Tests Recording Calls should calculate success rate correctly","status":"passed","title":"should calculate success rate correctly","duration":1.239400000000387,"failureMessages":[],"meta":{}},{"ancestorTitles":["API Metrics Tests","Recording Calls"],"fullName":"API Metrics Tests Recording Calls should limit recent errors to 10","status":"passed","title":"should limit recent errors to 10","duration":1.0213000000003376,"failureMessages":[],"meta":{}},{"ancestorTitles":["API Metrics Tests","Auto-Detection Logic"],"fullName":"API Metrics Tests Auto-Detection Logic should allow API with < 3 calls","status":"passed","title":"should allow API with < 3 calls","duration":0.2503999999998996,"failureMessages":[],"meta":{}},{"ancestorTitles":["API Metrics Tests","Auto-Detection Logic"],"fullName":"API Metrics Tests Auto-Detection Logic should allow API meeting criteria","status":"passed","title":"should allow API meeting criteria","duration":0.16550000000006548,"failureMessages":[],"meta":{}},{"ancestorTitles":["API Metrics Tests","Auto-Detection Logic"],"fullName":"API Metrics Tests Auto-Detection Logic should block API with low success rate","status":"passed","title":"should block API with low success rate","duration":0.2098999999998341,"failureMessages":[],"meta":{}},{"ancestorTitles":["API Metrics Tests","Auto-Detection Logic"],"fullName":"API Metrics Tests Auto-Detection Logic should block API with high avg duration","status":"passed","title":"should block API with high avg duration","duration":0.3863000000001193,"failureMessages":[],"meta":{}},{"ancestorTitles":["API Metrics Tests","Auto-Detection Logic"],"fullName":"API Metrics Tests Auto-Detection Logic should use custom thresholds","status":"passed","title":"should use custom thresholds","duration":0.3764000000001033,"failureMessages":[],"meta":{}},{"ancestorTitles":["API Metrics Tests","Stats Retrieval"],"fullName":"API Metrics Tests Stats Retrieval should return empty stats for unknown API","status":"passed","title":"should return empty stats for unknown API","duration":0.2371000000002823,"failureMessages":[],"meta":{}},{"ancestorTitles":["API Metrics Tests","Stats Retrieval"],"fullName":"API Metrics Tests Stats Retrieval should return all stats","status":"passed","title":"should return all stats","duration":2.5437999999994645,"failureMessages":[],"meta":{}},{"ancestorTitles":["API Metrics Tests","Reset Functionality"],"fullName":"API Metrics Tests Reset Functionality should reset specific API","status":"passed","title":"should reset specific API","duration":0.7125999999998385,"failureMessages":[],"meta":{}},{"ancestorTitles":["API Metrics Tests","Reset Functionality"],"fullName":"API Metrics Tests Reset Functionality should reset all APIs","status":"passed","title":"should reset all APIs","duration":2.3919999999998254,"failureMessages":[],"meta":{}}],"startTime":1764494658236,"endTime":1764494658253.392,"status":"passed","message":"","name":"C:/AM/GitHub/YouTube-AI-Navigator/tests/api-performance.test.js"},{"assertionResults":[{"ancestorTitles":["API Settings"],"fullName":"API Settings should have structured externalApis config","status":"passed","title":"should have structured externalApis config","duration":6.066799999999603,"failureMessages":[],"meta":{}},{"ancestorTitles":["API Settings"],"fullName":"API Settings should have all 14 API configs","status":"passed","title":"should have all 14 API configs","duration":2.5692000000008193,"failureMessages":[],"meta":{}},{"ancestorTitles":["API Settings"],"fullName":"API Settings should have enable flags for all APIs","status":"passed","title":"should have enable flags for all APIs","duration":0.6952999999994063,"failureMessages":[],"meta":{}},{"ancestorTitles":["API Settings"],"fullName":"API Settings should have API key fields for paid APIs","status":"passed","title":"should have API key fields for paid APIs","duration":1.8127000000004045,"failureMessages":[],"meta":{}},{"ancestorTitles":["API Settings"],"fullName":"API Settings should have timeout configs for DeArrow/SponsorBlock","status":"passed","title":"should have timeout configs for DeArrow/SponsorBlock","duration":0.9447000000000116,"failureMessages":[],"meta":{}},{"ancestorTitles":["API Settings"],"fullName":"API Settings should have usePrivateAPI flag for DeArrow","status":"passed","title":"should have usePrivateAPI flag for DeArrow","duration":0.6728000000002794,"failureMessages":[],"meta":{}},{"ancestorTitles":["API Settings"],"fullName":"API Settings should allow disabling individual APIs","status":"passed","title":"should allow disabling individual APIs","duration":4.093499999999949,"failureMessages":[],"meta":{}},{"ancestorTitles":["API Settings"],"fullName":"API Settings should allow setting API keys","status":"passed","title":"should allow setting API keys","duration":0.4665999999997439,"failureMessages":[],"meta":{}},{"ancestorTitles":["API Settings"],"fullName":"API Settings should allow configuring timeouts","status":"passed","title":"should allow configuring timeouts","duration":3.3405000000002474,"failureMessages":[],"meta":{}},{"ancestorTitles":["API Settings"],"fullName":"API Settings should persist API settings through merge","status":"passed","title":"should persist API settings through merge","duration":0.7907999999997628,"failureMessages":[],"meta":{}}],"startTime":1764494658257,"endTime":1764494658279.7908,"status":"passed","message":"","name":"C:/AM/GitHub/YouTube-AI-Navigator/tests/api-settings.test.js"},{"assertionResults":[{"ancestorTitles":["AutoSkip Segment Action Filtering","Configuration Loading"],"fullName":"AutoSkip Segment Action Filtering Configuration Loading should properly load segment configuration from storage","status":"passed","title":"should properly load segment configuration from storage","duration":70.91250000000036,"failureMessages":[],"meta":{}},{"ancestorTitles":["AutoSkip Segment Action Filtering","Configuration Loading"],"fullName":"AutoSkip Segment Action Filtering Configuration Loading should skip segments with action=skip","status":"passed","title":"should skip segments with action=skip","duration":0.6637000000000626,"failureMessages":[],"meta":{}},{"ancestorTitles":["AutoSkip Segment Action Filtering","Configuration Loading"],"fullName":"AutoSkip Segment Action Filtering Configuration Loading should ignore segments with action=ignore","status":"passed","title":"should ignore segments with action=ignore","duration":0.4594999999999345,"failureMessages":[],"meta":{}},{"ancestorTitles":["AutoSkip Segment Action Filtering","Configuration Loading"],"fullName":"AutoSkip Segment Action Filtering Configuration Loading should speed segments with action=speed","status":"passed","title":"should speed segments with action=speed","duration":2.502400000000307,"failureMessages":[],"meta":{}},{"ancestorTitles":["AutoSkip Segment Action Filtering","Default Actions"],"fullName":"AutoSkip Segment Action Filtering Default Actions should default content to ignore","status":"passed","title":"should default content to ignore","duration":2.3332000000000335,"failureMessages":[],"meta":{}},{"ancestorTitles":["AutoSkip Segment Action Filtering","Default Actions"],"fullName":"AutoSkip Segment Action Filtering Default Actions should default highlight to ignore","status":"passed","title":"should default highlight to ignore","duration":0.6576999999997497,"failureMessages":[],"meta":{}},{"ancestorTitles":["AutoSkip Segment Action Filtering","Default Actions"],"fullName":"AutoSkip Segment Action Filtering Default Actions should default exclusive_access to ignore","status":"passed","title":"should default exclusive_access to ignore","duration":0.3918999999996231,"failureMessages":[],"meta":{}}],"startTime":1764494658093,"endTime":1764494658171.6577,"status":"passed","message":"","name":"C:/AM/GitHub/YouTube-AI-Navigator/tests/autoskip-integration.test.js"},{"assertionResults":[{"ancestorTitles":["Comments Extraction & Rendering"],"fullName":"Comments Extraction & Rendering should force scroll to comments section before extraction","status":"passed","title":"should force scroll to comments section before extraction","duration":1.5405999999993583,"failureMessages":[],"meta":{}},{"ancestorTitles":["Comments Extraction & Rendering"],"fullName":"Comments Extraction & Rendering should scroll back to original position after extraction","status":"passed","title":"should scroll back to original position after extraction","duration":0.3063000000001921,"failureMessages":[],"meta":{}},{"ancestorTitles":["Comments Extraction & Rendering"],"fullName":"Comments Extraction & Rendering should wait for comments to load in DOM","status":"passed","title":"should wait for comments to load in DOM","duration":0.22469999999975698,"failureMessages":[],"meta":{}},{"ancestorTitles":["Comments Extraction & Rendering"],"fullName":"Comments Extraction & Rendering should handle scroll failures gracefully","status":"passed","title":"should handle scroll failures gracefully","duration":1.0459000000000742,"failureMessages":[],"meta":{}},{"ancestorTitles":["Comments Extraction & Rendering"],"fullName":"Comments Extraction & Rendering should retry extraction with exponential backoff","status":"passed","title":"should retry extraction with exponential backoff","duration":0.23509999999987485,"failureMessages":[],"meta":{}},{"ancestorTitles":["Comments Extraction & Rendering"],"fullName":"Comments Extraction & Rendering should extract comments after forced load","status":"passed","title":"should extract comments after forced load","duration":0.13830000000052678,"failureMessages":[],"meta":{}}],"startTime":1764494658260,"endTime":1764494658264.1382,"status":"passed","message":"","name":"C:/AM/GitHub/YouTube-AI-Navigator/tests/comments.test.js"},{"assertionResults":[{"ancestorTitles":["Comprehensive Segment Settings Tests","Segment Categories Structure"],"fullName":"Comprehensive Segment Settings Tests Segment Categories Structure should have all segment categories","status":"passed","title":"should have all segment categories","duration":8.9416999999994,"failureMessages":[],"meta":{}},{"ancestorTitles":["Comprehensive Segment Settings Tests","Segment Categories Structure"],"fullName":"Comprehensive Segment Settings Tests Segment Categories Structure should have unique colors for all categories","status":"passed","title":"should have unique colors for all categories","duration":0.5176000000001295,"failureMessages":[],"meta":{}},{"ancestorTitles":["Comprehensive Segment Settings Tests","Default Segment Configuration"],"fullName":"Comprehensive Segment Settings Tests Default Segment Configuration should default to ignore for DEFAULT_SEGMENT_CONFIG","status":"passed","title":"should default to ignore for DEFAULT_SEGMENT_CONFIG","duration":5.604199999999764,"failureMessages":[],"meta":{}},{"ancestorTitles":["Comprehensive Segment Settings Tests","Default Segment Configuration"],"fullName":"Comprehensive Segment Settings Tests Default Segment Configuration should default poi_highlight to ignore","status":"passed","title":"should default poi_highlight to ignore","duration":1.5324000000000524,"failureMessages":[],"meta":{}},{"ancestorTitles":["Comprehensive Segment Settings Tests","Default Segment Configuration"],"fullName":"Comprehensive Segment Settings Tests Default Segment Configuration should default exclusive_access to ignore","status":"passed","title":"should default exclusive_access to ignore","duration":0.8735999999998967,"failureMessages":[],"meta":{}},{"ancestorTitles":["Comprehensive Segment Settings Tests","Default Segment Configuration"],"fullName":"Comprehensive Segment Settings Tests Default Segment Configuration should default sponsor to skip","status":"passed","title":"should default sponsor to skip","duration":1.0119000000004235,"failureMessages":[],"meta":{}},{"ancestorTitles":["Comprehensive Segment Settings Tests","Default Segment Configuration"],"fullName":"Comprehensive Segment Settings Tests Default Segment Configuration should default filler to ignore","status":"passed","title":"should default filler to ignore","duration":1.125699999999597,"failureMessages":[],"meta":{}},{"ancestorTitles":["Comprehensive Segment Settings Tests","Default Segment Configuration"],"fullName":"Comprehensive Segment Settings Tests Default Segment Configuration should have speed=2 for all categories except content and chapter","status":"passed","title":"should have speed=2 for all categories except content and chapter","duration":1.4705999999996493,"failureMessages":[],"meta":{}},{"ancestorTitles":["Comprehensive Segment Settings Tests","Settings Persistence"],"fullName":"Comprehensive Segment Settings Tests Settings Persistence should persist segment settings changes","status":"passed","title":"should persist segment settings changes","duration":1.253099999999904,"failureMessages":[],"meta":{}},{"ancestorTitles":["Comprehensive Segment Settings Tests","Settings Persistence"],"fullName":"Comprehensive Segment Settings Tests Settings Persistence should update speed value correctly","status":"passed","title":"should update speed value correctly","duration":0.3364000000001397,"failureMessages":[],"meta":{}},{"ancestorTitles":["Comprehensive Segment Settings Tests","Settings Persistence"],"fullName":"Comprehensive Segment Settings Tests Settings Persistence should preserve all segments after partial update","status":"passed","title":"should preserve all segments after partial update","duration":0.41460000000006403,"failureMessages":[],"meta":{}},{"ancestorTitles":["Comprehensive Segment Settings Tests","Settings Merge"],"fullName":"Comprehensive Segment Settings Tests Settings Merge should merge loaded settings with defaults","status":"passed","title":"should merge loaded settings with defaults","duration":0.5637000000006083,"failureMessages":[],"meta":{}},{"ancestorTitles":["Comprehensive Segment Settings Tests","Settings Merge"],"fullName":"Comprehensive Segment Settings Tests Settings Merge should preserve enabled flag","status":"passed","title":"should preserve enabled flag","duration":0.7179999999998472,"failureMessages":[],"meta":{}},{"ancestorTitles":["Comprehensive Segment Settings Tests","Segment Actions Validation"],"fullName":"Comprehensive Segment Settings Tests Segment Actions Validation should support ignore action","status":"passed","title":"should support ignore action","duration":0.5064000000002125,"failureMessages":[],"meta":{}},{"ancestorTitles":["Comprehensive Segment Settings Tests","Segment Actions Validation"],"fullName":"Comprehensive Segment Settings Tests Segment Actions Validation should support skip action","status":"passed","title":"should support skip action","duration":0.4013999999997395,"failureMessages":[],"meta":{}},{"ancestorTitles":["Comprehensive Segment Settings Tests","Segment Actions Validation"],"fullName":"Comprehensive Segment Settings Tests Segment Actions Validation should support speed action","status":"passed","title":"should support speed action","duration":0.46750000000065484,"failureMessages":[],"meta":{}},{"ancestorTitles":["Comprehensive Segment Settings Tests","Settings Export/Import"],"fullName":"Comprehensive Segment Settings Tests Settings Export/Import should export settings as JSON","status":"passed","title":"should export settings as JSON","duration":4.5919999999996435,"failureMessages":[],"meta":{}},{"ancestorTitles":["Comprehensive Segment Settings Tests","Settings Export/Import"],"fullName":"Comprehensive Segment Settings Tests Settings Export/Import should import settings from JSON","status":"passed","title":"should import settings from JSON","duration":2.6098000000001775,"failureMessages":[],"meta":{}},{"ancestorTitles":["Comprehensive Segment Settings Tests","Settings Reset"],"fullName":"Comprehensive Segment Settings Tests Settings Reset should reset all settings to defaults","status":"passed","title":"should reset all settings to defaults","duration":7.427999999999884,"failureMessages":[],"meta":{}},{"ancestorTitles":["Comprehensive Segment Settings Tests","Notification Settings"],"fullName":"Comprehensive Segment Settings Tests Notification Settings should default showNotifications to true","status":"passed","title":"should default showNotifications to true","duration":0.46190000000024156,"failureMessages":[],"meta":{}},{"ancestorTitles":["Comprehensive Segment Settings Tests","Notification Settings"],"fullName":"Comprehensive Segment Settings Tests Notification Settings should persist notification changes","status":"passed","title":"should persist notification changes","duration":1.8770999999997002,"failureMessages":[],"meta":{}}],"startTime":1764494658238,"endTime":1764494658282.8772,"status":"passed","message":"","name":"C:/AM/GitHub/YouTube-AI-Navigator/tests/comprehensive-settings.test.js"},{"assertionResults":[{"ancestorTitles":["Content Protection"],"fullName":"Content Protection should NEVER skip Content segments","status":"passed","title":"should NEVER skip Content segments","duration":16.80079999999998,"failureMessages":[],"meta":{}},{"ancestorTitles":["Content Protection"],"fullName":"Content Protection should NEVER skip Main Content segments","status":"passed","title":"should NEVER skip Main Content segments","duration":2.1871000000001004,"failureMessages":[],"meta":{}},{"ancestorTitles":["Content Protection"],"fullName":"Content Protection should filter out Content segments from actionable list","status":"passed","title":"should filter out Content segments from actionable list","duration":1.281500000000051,"failureMessages":[],"meta":{}},{"ancestorTitles":["Content Protection"],"fullName":"Content Protection should be disabled by default","status":"passed","title":"should be disabled by default","duration":3.8914000000004307,"failureMessages":[],"meta":{}},{"ancestorTitles":["Content Protection"],"fullName":"Content Protection should require both enabled and autoSkip to be true","status":"passed","title":"should require both enabled and autoSkip to be true","duration":2.543499999999767,"failureMessages":[],"meta":{}},{"ancestorTitles":["Content Protection"],"fullName":"Content Protection should ignore segments with action set to ignore","status":"passed","title":"should ignore segments with action set to ignore","duration":1.6955000000007203,"failureMessages":[],"meta":{}},{"ancestorTitles":["Content Protection"],"fullName":"Content Protection should respect minSegmentDuration filter","status":"passed","title":"should respect minSegmentDuration filter","duration":3.1224999999994907,"failureMessages":[],"meta":{}}],"startTime":1764494658259,"endTime":1764494658291.1226,"status":"passed","message":"","name":"C:/AM/GitHub/YouTube-AI-Navigator/tests/content-protection.test.js"},{"assertionResults":[{"ancestorTitles":["ContextManager"],"fullName":"ContextManager should initialize all API clients","status":"passed","title":"should initialize all API clients","duration":6.03400000000056,"failureMessages":[],"meta":{}},{"ancestorTitles":["ContextManager"],"fullName":"ContextManager should pass API keys to clients","status":"passed","title":"should pass API keys to clients","duration":0.8110000000006039,"failureMessages":[],"meta":{}},{"ancestorTitles":["ContextManager"],"fullName":"ContextManager should track enabled state for all APIs","status":"passed","title":"should track enabled state for all APIs","duration":0.2859999999991487,"failureMessages":[],"meta":{}},{"ancestorTitles":["ContextManager"],"fullName":"ContextManager should respect disabled APIs","status":"passed","title":"should respect disabled APIs","duration":0.5752999999995154,"failureMessages":[],"meta":{}},{"ancestorTitles":["ContextManager"],"fullName":"ContextManager should default to enabled if flag missing","status":"passed","title":"should default to enabled if flag missing","duration":0.3301000000001295,"failureMessages":[],"meta":{}},{"ancestorTitles":["ContextManager"],"fullName":"ContextManager should handle empty settings gracefully","status":"passed","title":"should handle empty settings gracefully","duration":0.38509999999951106,"failureMessages":[],"meta":{}}],"startTime":1764494658359,"endTime":1764494658367.385,"status":"passed","message":"","name":"C:/AM/GitHub/YouTube-AI-Navigator/tests/context-manager.test.js"},{"assertionResults":[{"ancestorTitles":["ErrorHandler"],"fullName":"ErrorHandler should classify auth error","status":"passed","title":"should classify auth error","duration":1.7980999999999767,"failureMessages":[],"meta":{}},{"ancestorTitles":["ErrorHandler"],"fullName":"ErrorHandler should classify rate limit error","status":"passed","title":"should classify rate limit error","duration":0.5607999999992899,"failureMessages":[],"meta":{}},{"ancestorTitles":["ErrorHandler"],"fullName":"ErrorHandler should classify bad request","status":"passed","title":"should classify bad request","duration":0.8998000000001412,"failureMessages":[],"meta":{}},{"ancestorTitles":["ErrorHandler"],"fullName":"ErrorHandler should classify server error","status":"passed","title":"should classify server error","duration":0.6705999999994674,"failureMessages":[],"meta":{}},{"ancestorTitles":["ErrorHandler"],"fullName":"ErrorHandler should classify timeout","status":"passed","title":"should classify timeout","duration":0.34690000000045984,"failureMessages":[],"meta":{}},{"ancestorTitles":["ErrorHandler"],"fullName":"ErrorHandler should classify network error","status":"passed","title":"should classify network error","duration":0.28949999999986176,"failureMessages":[],"meta":{}},{"ancestorTitles":["ErrorHandler"],"fullName":"ErrorHandler should create user error","status":"passed","title":"should create user error","duration":0.34989999999925203,"failureMessages":[],"meta":{}},{"ancestorTitles":["ErrorHandler"],"fullName":"ErrorHandler should handle unknown errors","status":"passed","title":"should handle unknown errors","duration":0.3882000000003245,"failureMessages":[],"meta":{}}],"startTime":1764494658294,"endTime":1764494658300.3882,"status":"passed","message":"","name":"C:/AM/GitHub/YouTube-AI-Navigator/tests/error-handler.test.js"},{"assertionResults":[{"ancestorTitles":["Import Integrity"],"fullName":"Import Integrity validates all imports have matching exports","status":"passed","title":"validates all imports have matching exports","duration":138.6230999999998,"failureMessages":[],"meta":{}},{"ancestorTitles":["Import Integrity"],"fullName":"Import Integrity validates no default exports","status":"passed","title":"validates no default exports","duration":82.60549999999967,"failureMessages":[],"meta":{}},{"ancestorTitles":["Import Integrity"],"fullName":"Import Integrity validates no duplicate shortcut names","status":"passed","title":"validates no duplicate shortcut names","duration":5.287299999999959,"failureMessages":[],"meta":{}}],"startTime":1764494657860,"endTime":1764494658087.2874,"status":"passed","message":"","name":"C:/AM/GitHub/YouTube-AI-Navigator/tests/import-integrity.test.js"},{"assertionResults":[{"ancestorTitles":["AutoSave"],"fullName":"AutoSave should save settings after delay","status":"passed","title":"should save settings after delay","duration":8.648699999999735,"failureMessages":[],"meta":{}},{"ancestorTitles":["AutoSave"],"fullName":"AutoSave should debounce multiple saves","status":"passed","title":"should debounce multiple saves","duration":5.4890000000004875,"failureMessages":[],"meta":{}},{"ancestorTitles":["AutoSave"],"fullName":"AutoSave should handle save errors","status":"passed","title":"should handle save errors","duration":3.5294999999996435,"failureMessages":[],"meta":{}}],"startTime":1764494658232,"endTime":1764494658249.5295,"status":"passed","message":"","name":"C:/AM/GitHub/YouTube-AI-Navigator/tests/options.test.js"},{"assertionResults":[{"ancestorTitles":["ScrollManager"],"fullName":"ScrollManager should be a singleton","status":"passed","title":"should be a singleton","duration":49.84809999999925,"failureMessages":[],"meta":{}},{"ancestorTitles":["ScrollManager"],"fullName":"ScrollManager should scroll to comments section directly when found","status":"passed","title":"should scroll to comments section directly when found","duration":5.739700000000084,"failureMessages":[],"meta":{}},{"ancestorTitles":["ScrollManager"],"fullName":"ScrollManager should fallback to bottom scroll when comments section not found","status":"passed","title":"should fallback to bottom scroll when comments section not found","duration":0.9751999999998588,"failureMessages":[],"meta":{}},{"ancestorTitles":["ScrollManager"],"fullName":"ScrollManager should wait for comments to load in DOM","status":"passed","title":"should wait for comments to load in DOM","duration":1.0826000000006388,"failureMessages":[],"meta":{}}],"startTime":1764494658256,"endTime":1764494658313.0825,"status":"passed","message":"","name":"C:/AM/GitHub/YouTube-AI-Navigator/tests/scroll-manager.test.js"},{"assertionResults":[{"ancestorTitles":["Segment Label Mapping Tests","Label Key Mapping (lk)"],"fullName":"Segment Label Mapping Tests Label Key Mapping (lk) should map all 13 SponsorBlock categories","status":"passed","title":"should map all 13 SponsorBlock categories","duration":5.99330000000009,"failureMessages":[],"meta":{}},{"ancestorTitles":["Segment Label Mapping Tests","Label Key Mapping (lk)"],"fullName":"Segment Label Mapping Tests Label Key Mapping (lk) should map label variations to keys","status":"passed","title":"should map label variations to keys","duration":2.7379000000000815,"failureMessages":[],"meta":{}},{"ancestorTitles":["Segment Label Mapping Tests","Label Key Mapping (lk)"],"fullName":"Segment Label Mapping Tests Label Key Mapping (lk) should handle null/undefined with default","status":"passed","title":"should handle null/undefined with default","duration":0.38179999999920256,"failureMessages":[],"meta":{}},{"ancestorTitles":["Segment Label Mapping Tests","Label Key Mapping (lk)"],"fullName":"Segment Label Mapping Tests Label Key Mapping (lk) should handle unknown labels with fallback","status":"passed","title":"should handle unknown labels with fallback","duration":0.9712999999992462,"failureMessages":[],"meta":{}},{"ancestorTitles":["Segment Label Mapping Tests","Label Name Mapping (ln)"],"fullName":"Segment Label Mapping Tests Label Name Mapping (ln) should return full names for all categories","status":"passed","title":"should return full names for all categories","duration":0.6826999999993859,"failureMessages":[],"meta":{}},{"ancestorTitles":["Segment Label Mapping Tests","Label Name Mapping (ln)"],"fullName":"Segment Label Mapping Tests Label Name Mapping (ln) should return input for unknown categories","status":"passed","title":"should return input for unknown categories","duration":0.17029999999977008,"failureMessages":[],"meta":{}},{"ancestorTitles":["Segment Label Mapping Tests","Label Color Mapping (lgc)"],"fullName":"Segment Label Mapping Tests Label Color Mapping (lgc) should return colors for all categories","status":"passed","title":"should return colors for all categories","duration":0.5064999999995052,"failureMessages":[],"meta":{}},{"ancestorTitles":["Segment Label Mapping Tests","Label Color Mapping (lgc)"],"fullName":"Segment Label Mapping Tests Label Color Mapping (lgc) should return default color for unknown categories","status":"passed","title":"should return default color for unknown categories","duration":0.12330000000019936,"failureMessages":[],"meta":{}},{"ancestorTitles":["Segment Label Mapping Tests","Consistency Checks"],"fullName":"Segment Label Mapping Tests Consistency Checks should have matching keys in LM and CM","status":"passed","title":"should have matching keys in LM and CM","duration":1.1395000000002256,"failureMessages":[],"meta":{}},{"ancestorTitles":["Segment Label Mapping Tests","Consistency Checks"],"fullName":"Segment Label Mapping Tests Consistency Checks should have all 13 categories in both maps","status":"passed","title":"should have all 13 categories in both maps","duration":0.23500000000058208,"failureMessages":[],"meta":{}},{"ancestorTitles":["Segment Label Mapping Tests","Consistency Checks"],"fullName":"Segment Label Mapping Tests Consistency Checks should have unique colors","status":"passed","title":"should have unique colors","duration":0.15630000000055588,"failureMessages":[],"meta":{}}],"startTime":1764494658279,"endTime":1764494658295.235,"status":"passed","message":"","name":"C:/AM/GitHub/YouTube-AI-Navigator/tests/segment-label-mapping.test.js"},{"assertionResults":[{"ancestorTitles":["Segment Configuration"],"fullName":"Segment Configuration default config includes all segment categories","status":"passed","title":"default config includes all segment categories","duration":8.207699999999932,"failureMessages":[],"meta":{}},{"ancestorTitles":["Segment Configuration"],"fullName":"Segment Configuration merges loaded settings preserving custom category configs","status":"passed","title":"merges loaded settings preserving custom category configs","duration":1.6433999999999287,"failureMessages":[],"meta":{}}],"startTime":1764494658236,"endTime":1764494658246.6433,"status":"passed","message":"","name":"C:/AM/GitHub/YouTube-AI-Navigator/tests/segments-config.test.js"},{"assertionResults":[{"ancestorTitles":["Segments UI Module Tests","Initialization"],"fullName":"Segments UI Module Tests Initialization should initialize with settings manager","status":"passed","title":"should initialize with settings manager","duration":2.2737999999999374,"failureMessages":[],"meta":{}},{"ancestorTitles":["Segments UI Module Tests","Initialization"],"fullName":"Segments UI Module Tests Initialization should read enabled state from settings","status":"passed","title":"should read enabled state from settings","duration":0.4544000000005326,"failureMessages":[],"meta":{}},{"ancestorTitles":["Segments UI Module Tests","Bulk Operations"],"fullName":"Segments UI Module Tests Bulk Operations should setAll to skip except content","status":"passed","title":"should setAll to skip except content","duration":5.611300000000483,"failureMessages":[],"meta":{}},{"ancestorTitles":["Segments UI Module Tests","Bulk Operations"],"fullName":"Segments UI Module Tests Bulk Operations should setAll to speed except content","status":"passed","title":"should setAll to speed except content","duration":2.5484000000005835,"failureMessages":[],"meta":{}},{"ancestorTitles":["Segments UI Module Tests","Bulk Operations"],"fullName":"Segments UI Module Tests Bulk Operations should setAll to ignore","status":"passed","title":"should setAll to ignore","duration":2.3028999999996813,"failureMessages":[],"meta":{}},{"ancestorTitles":["Segments UI Module Tests","Bulk Operations"],"fullName":"Segments UI Module Tests Bulk Operations should preserve speed when changing action","status":"passed","title":"should preserve speed when changing action","duration":1.952900000000227,"failureMessages":[],"meta":{}},{"ancestorTitles":["Segments UI Module Tests","Individual Updates"],"fullName":"Segments UI Module Tests Individual Updates should update single category action","status":"passed","title":"should update single category action","duration":0.6259000000000015,"failureMessages":[],"meta":{}},{"ancestorTitles":["Segments UI Module Tests","Individual Updates"],"fullName":"Segments UI Module Tests Individual Updates should update single category speed","status":"passed","title":"should update single category speed","duration":0.41679999999996653,"failureMessages":[],"meta":{}},{"ancestorTitles":["Segments UI Module Tests","Individual Updates"],"fullName":"Segments UI Module Tests Individual Updates should create category config if missing","status":"passed","title":"should create category config if missing","duration":0.7919999999994616,"failureMessages":[],"meta":{}},{"ancestorTitles":["Segments UI Module Tests","Settings Synchronization"],"fullName":"Segments UI Module Tests Settings Synchronization should call SettingsManager save on update","status":"passed","title":"should call SettingsManager save on update","duration":1.7894999999998618,"failureMessages":[],"meta":{}},{"ancestorTitles":["Segments UI Module Tests","Settings Synchronization"],"fullName":"Segments UI Module Tests Settings Synchronization should call SettingsManager save on setAll","status":"passed","title":"should call SettingsManager save on setAll","duration":3.788300000000163,"failureMessages":[],"meta":{}}],"startTime":1764494658316,"endTime":1764494658339.7883,"status":"passed","message":"","name":"C:/AM/GitHub/YouTube-AI-Navigator/tests/segments-ui.test.js"},{"assertionResults":[{"ancestorTitles":["SettingsManager"],"fullName":"SettingsManager initializes with default segment categories populated","status":"passed","title":"initializes with default segment categories populated","duration":7.077499999999418,"failureMessages":[],"meta":{}},{"ancestorTitles":["SettingsManager"],"fullName":"SettingsManager includes all segment categories in defaults","status":"passed","title":"includes all segment categories in defaults","duration":5.1291999999994005,"failureMessages":[],"meta":{}},{"ancestorTitles":["SettingsManager"],"fullName":"SettingsManager sets sponsor category to skip by default","status":"passed","title":"sets sponsor category to skip by default","duration":0.7179000000005544,"failureMessages":[],"meta":{}},{"ancestorTitles":["SettingsManager"],"fullName":"SettingsManager sets poi_highlight to ignore by default","status":"passed","title":"sets poi_highlight to ignore by default","duration":3.164099999999962,"failureMessages":[],"meta":{}},{"ancestorTitles":["SettingsManager"],"fullName":"SettingsManager sets segments disabled by default","status":"passed","title":"sets segments disabled by default","duration":1.0546999999996842,"failureMessages":[],"meta":{}},{"ancestorTitles":["SettingsManager"],"fullName":"SettingsManager sets most categories to ignore by default","status":"passed","title":"sets most categories to ignore by default","duration":3.199200000000019,"failureMessages":[],"meta":{}},{"ancestorTitles":["SettingsManager"],"fullName":"SettingsManager merges loaded settings with defaults preserving custom values","status":"passed","title":"merges loaded settings with defaults preserving custom values","duration":0.7692999999999302,"failureMessages":[],"meta":{}},{"ancestorTitles":["SettingsManager"],"fullName":"SettingsManager handles empty loaded settings gracefully","status":"passed","title":"handles empty loaded settings gracefully","duration":0.33619999999973516,"failureMessages":[],"meta":{}}],"startTime":1764494658238,"endTime":1764494658260.3362,"status":"passed","message":"","name":"C:/AM/GitHub/YouTube-AI-Navigator/tests/settings-manager.test.js"},{"assertionResults":[{"ancestorTitles":["AutoSkip"],"fullName":"AutoSkip should skip sponsor segments when enabled","status":"passed","title":"should skip sponsor segments when enabled","duration":21.454799999999523,"failureMessages":[],"meta":{}},{"ancestorTitles":["AutoSkip"],"fullName":"AutoSkip should speed up intro segments when configured","status":"passed","title":"should speed up intro segments when configured","duration":4.892300000000432,"failureMessages":[],"meta":{}},{"ancestorTitles":["AutoSkip"],"fullName":"AutoSkip should restore speed after segment","status":"passed","title":"should restore speed after segment","duration":1.975600000000668,"failureMessages":[],"meta":{}}],"startTime":1764494658259,"endTime":1764494658287.9756,"status":"passed","message":"","name":"C:/AM/GitHub/YouTube-AI-Navigator/tests/skipping.test.js"},{"assertionResults":[{"ancestorTitles":["SponsorBlock Integration Tests","Label Mapping"],"fullName":"SponsorBlock Integration Tests Label Mapping should import LM from segments.js shortcuts","status":"passed","title":"should import LM from segments.js shortcuts","duration":2.9036000000005515,"failureMessages":[],"meta":{}},{"ancestorTitles":["SponsorBlock Integration Tests","Label Mapping"],"fullName":"SponsorBlock Integration Tests Label Mapping should have all 13 categories","status":"passed","title":"should have all 13 categories","duration":4.451600000000326,"failureMessages":[],"meta":{}},{"ancestorTitles":["SponsorBlock Integration Tests","Label Mapping"],"fullName":"SponsorBlock Integration Tests Label Mapping should match SEGMENT_CATEGORIES count","status":"passed","title":"should match SEGMENT_CATEGORIES count","duration":0.34029999999984284,"failureMessages":[],"meta":{}},{"ancestorTitles":["SponsorBlock Integration Tests","API Fetching"],"fullName":"SponsorBlock Integration Tests API Fetching should fetch segments successfully","status":"passed","title":"should fetch segments successfully","duration":1.6872999999995955,"failureMessages":[],"meta":{}},{"ancestorTitles":["SponsorBlock Integration Tests","API Fetching"],"fullName":"SponsorBlock Integration Tests API Fetching should handle 404 responses","status":"passed","title":"should handle 404 responses","duration":2.066000000000713,"failureMessages":[],"meta":{}},{"ancestorTitles":["SponsorBlock Integration Tests","API Fetching"],"fullName":"SponsorBlock Integration Tests API Fetching should handle 429 rate limit","status":"passed","title":"should handle 429 rate limit","duration":0.6913999999997031,"failureMessages":[],"meta":{}},{"ancestorTitles":["SponsorBlock Integration Tests","API Fetching"],"fullName":"SponsorBlock Integration Tests API Fetching should handle network errors","status":"passed","title":"should handle network errors","duration":0.9562999999998283,"failureMessages":[],"meta":{}},{"ancestorTitles":["SponsorBlock Integration Tests","API Fetching"],"fullName":"SponsorBlock Integration Tests API Fetching should return empty array for missing videoID","status":"passed","title":"should return empty array for missing videoID","duration":0.7924000000002707,"failureMessages":[],"meta":{}},{"ancestorTitles":["SponsorBlock Integration Tests","Segment Mapping"],"fullName":"SponsorBlock Integration Tests Segment Mapping should map all 13 categories correctly","status":"passed","title":"should map all 13 categories correctly","duration":2.2346999999999753,"failureMessages":[],"meta":{}}],"startTime":1764494658293,"endTime":1764494658310.2346,"status":"passed","message":"","name":"C:/AM/GitHub/YouTube-AI-Navigator/tests/sponsorblock-integration.test.js"}]}