{"numTotalTestSuites":38,"numPassedTestSuites":38,"numFailedTestSuites":0,"numPendingTestSuites":0,"numTotalTests":76,"numPassedTests":76,"numFailedTests":0,"numPendingTests":0,"numTodoTests":0,"snapshot":{"added":0,"failure":false,"filesAdded":0,"filesRemoved":0,"filesRemovedList":[],"filesUnmatched":0,"filesUpdated":0,"matched":0,"total":0,"unchecked":0,"uncheckedKeysByFile":[],"unmatched":0,"updated":0,"didUpdate":false},"startTime":1764490319546,"success":true,"testResults":[{"assertionResults":[{"ancestorTitles":["AutoSkip Segment Action Filtering","Configuration Loading"],"fullName":"AutoSkip Segment Action Filtering Configuration Loading should properly load segment configuration from storage","status":"passed","title":"should properly load segment configuration from storage","duration":30.61779999999999,"failureMessages":[],"meta":{}},{"ancestorTitles":["AutoSkip Segment Action Filtering","Configuration Loading"],"fullName":"AutoSkip Segment Action Filtering Configuration Loading should skip segments with action=skip","status":"passed","title":"should skip segments with action=skip","duration":0.48289999999997235,"failureMessages":[],"meta":{}},{"ancestorTitles":["AutoSkip Segment Action Filtering","Configuration Loading"],"fullName":"AutoSkip Segment Action Filtering Configuration Loading should ignore segments with action=ignore","status":"passed","title":"should ignore segments with action=ignore","duration":0.29510000000004766,"failureMessages":[],"meta":{}},{"ancestorTitles":["AutoSkip Segment Action Filtering","Configuration Loading"],"fullName":"AutoSkip Segment Action Filtering Configuration Loading should speed segments with action=speed","status":"passed","title":"should speed segments with action=speed","duration":0.6738000000000284,"failureMessages":[],"meta":{}},{"ancestorTitles":["AutoSkip Segment Action Filtering","Default Actions"],"fullName":"AutoSkip Segment Action Filtering Default Actions should default content to ignore","status":"passed","title":"should default content to ignore","duration":0.8691999999998643,"failureMessages":[],"meta":{}},{"ancestorTitles":["AutoSkip Segment Action Filtering","Default Actions"],"fullName":"AutoSkip Segment Action Filtering Default Actions should default highlight to ignore","status":"passed","title":"should default highlight to ignore","duration":0.5060000000000855,"failureMessages":[],"meta":{}},{"ancestorTitles":["AutoSkip Segment Action Filtering","Default Actions"],"fullName":"AutoSkip Segment Action Filtering Default Actions should default exclusive_access to ignore","status":"passed","title":"should default exclusive_access to ignore","duration":0.45059999999989486,"failureMessages":[],"meta":{}}],"startTime":1764490321119,"endTime":1764490321154.506,"status":"passed","message":"","name":"C:/AM/GitHub/YouTube-AI-Navigator/tests/autoskip-integration.test.js"},{"assertionResults":[{"ancestorTitles":["CommentsExtractor"],"fullName":"CommentsExtractor should be able to extract comments from DOM structure","status":"passed","title":"should be able to extract comments from DOM structure","duration":1.9160000000001673,"failureMessages":[],"meta":{}}],"startTime":1764490321150,"endTime":1764490321151.916,"status":"passed","message":"","name":"C:/AM/GitHub/YouTube-AI-Navigator/tests/comments.test.js"},{"assertionResults":[{"ancestorTitles":["Comprehensive Segment Settings Tests","Segment Categories Structure"],"fullName":"Comprehensive Segment Settings Tests Segment Categories Structure should have all segment categories","status":"passed","title":"should have all segment categories","duration":5.233600000000024,"failureMessages":[],"meta":{}},{"ancestorTitles":["Comprehensive Segment Settings Tests","Segment Categories Structure"],"fullName":"Comprehensive Segment Settings Tests Segment Categories Structure should have unique colors for all categories","status":"passed","title":"should have unique colors for all categories","duration":0.5429999999998927,"failureMessages":[],"meta":{}},{"ancestorTitles":["Comprehensive Segment Settings Tests","Default Segment Configuration"],"fullName":"Comprehensive Segment Settings Tests Default Segment Configuration should default to ignore for DEFAULT_SEGMENT_CONFIG","status":"passed","title":"should default to ignore for DEFAULT_SEGMENT_CONFIG","duration":0.5225000000000364,"failureMessages":[],"meta":{}},{"ancestorTitles":["Comprehensive Segment Settings Tests","Default Segment Configuration"],"fullName":"Comprehensive Segment Settings Tests Default Segment Configuration should default poi_highlight to ignore","status":"passed","title":"should default poi_highlight to ignore","duration":0.6042999999999665,"failureMessages":[],"meta":{}},{"ancestorTitles":["Comprehensive Segment Settings Tests","Default Segment Configuration"],"fullName":"Comprehensive Segment Settings Tests Default Segment Configuration should default exclusive_access to ignore","status":"passed","title":"should default exclusive_access to ignore","duration":0.36360000000013315,"failureMessages":[],"meta":{}},{"ancestorTitles":["Comprehensive Segment Settings Tests","Default Segment Configuration"],"fullName":"Comprehensive Segment Settings Tests Default Segment Configuration should default sponsor to skip","status":"passed","title":"should default sponsor to skip","duration":0.33940000000006876,"failureMessages":[],"meta":{}},{"ancestorTitles":["Comprehensive Segment Settings Tests","Default Segment Configuration"],"fullName":"Comprehensive Segment Settings Tests Default Segment Configuration should default filler to ignore","status":"passed","title":"should default filler to ignore","duration":0.2481000000000222,"failureMessages":[],"meta":{}},{"ancestorTitles":["Comprehensive Segment Settings Tests","Default Segment Configuration"],"fullName":"Comprehensive Segment Settings Tests Default Segment Configuration should have speed=2 for all categories","status":"passed","title":"should have speed=2 for all categories","duration":0.6091000000001259,"failureMessages":[],"meta":{}},{"ancestorTitles":["Comprehensive Segment Settings Tests","Settings Persistence"],"fullName":"Comprehensive Segment Settings Tests Settings Persistence should persist segment settings changes","status":"passed","title":"should persist segment settings changes","duration":0.7088000000001102,"failureMessages":[],"meta":{}},{"ancestorTitles":["Comprehensive Segment Settings Tests","Settings Persistence"],"fullName":"Comprehensive Segment Settings Tests Settings Persistence should update speed value correctly","status":"passed","title":"should update speed value correctly","duration":0.3187000000000353,"failureMessages":[],"meta":{}},{"ancestorTitles":["Comprehensive Segment Settings Tests","Settings Persistence"],"fullName":"Comprehensive Segment Settings Tests Settings Persistence should preserve all segments after partial update","status":"passed","title":"should preserve all segments after partial update","duration":0.2796000000000731,"failureMessages":[],"meta":{}},{"ancestorTitles":["Comprehensive Segment Settings Tests","Settings Merge"],"fullName":"Comprehensive Segment Settings Tests Settings Merge should merge loaded settings with defaults","status":"passed","title":"should merge loaded settings with defaults","duration":0.5365999999999076,"failureMessages":[],"meta":{}},{"ancestorTitles":["Comprehensive Segment Settings Tests","Settings Merge"],"fullName":"Comprehensive Segment Settings Tests Settings Merge should preserve enabled flag","status":"passed","title":"should preserve enabled flag","duration":0.2959000000000742,"failureMessages":[],"meta":{}},{"ancestorTitles":["Comprehensive Segment Settings Tests","Segment Actions Validation"],"fullName":"Comprehensive Segment Settings Tests Segment Actions Validation should support ignore action","status":"passed","title":"should support ignore action","duration":0.19010000000002947,"failureMessages":[],"meta":{}},{"ancestorTitles":["Comprehensive Segment Settings Tests","Segment Actions Validation"],"fullName":"Comprehensive Segment Settings Tests Segment Actions Validation should support skip action","status":"passed","title":"should support skip action","duration":0.14769999999998618,"failureMessages":[],"meta":{}},{"ancestorTitles":["Comprehensive Segment Settings Tests","Segment Actions Validation"],"fullName":"Comprehensive Segment Settings Tests Segment Actions Validation should support speed action","status":"passed","title":"should support speed action","duration":0.23569999999995161,"failureMessages":[],"meta":{}},{"ancestorTitles":["Comprehensive Segment Settings Tests","Settings Export/Import"],"fullName":"Comprehensive Segment Settings Tests Settings Export/Import should export settings as JSON","status":"passed","title":"should export settings as JSON","duration":1.1669999999999163,"failureMessages":[],"meta":{}},{"ancestorTitles":["Comprehensive Segment Settings Tests","Settings Export/Import"],"fullName":"Comprehensive Segment Settings Tests Settings Export/Import should import settings from JSON","status":"passed","title":"should import settings from JSON","duration":0.42089999999984684,"failureMessages":[],"meta":{}},{"ancestorTitles":["Comprehensive Segment Settings Tests","Settings Reset"],"fullName":"Comprehensive Segment Settings Tests Settings Reset should reset all settings to defaults","status":"passed","title":"should reset all settings to defaults","duration":0.2478000000000975,"failureMessages":[],"meta":{}},{"ancestorTitles":["Comprehensive Segment Settings Tests","Notification Settings"],"fullName":"Comprehensive Segment Settings Tests Notification Settings should default showNotifications to true","status":"passed","title":"should default showNotifications to true","duration":0.15069999999991524,"failureMessages":[],"meta":{}},{"ancestorTitles":["Comprehensive Segment Settings Tests","Notification Settings"],"fullName":"Comprehensive Segment Settings Tests Notification Settings should persist notification changes","status":"passed","title":"should persist notification changes","duration":0.14030000000002474,"failureMessages":[],"meta":{}}],"startTime":1764490321182,"endTime":1764490321197.2478,"status":"passed","message":"","name":"C:/AM/GitHub/YouTube-AI-Navigator/tests/comprehensive-settings.test.js"},{"assertionResults":[{"ancestorTitles":["Content Protection"],"fullName":"Content Protection should NEVER skip Content segments","status":"passed","title":"should NEVER skip Content segments","duration":10.81190000000015,"failureMessages":[],"meta":{}},{"ancestorTitles":["Content Protection"],"fullName":"Content Protection should NEVER skip Main Content segments","status":"passed","title":"should NEVER skip Main Content segments","duration":0.9242000000001553,"failureMessages":[],"meta":{}},{"ancestorTitles":["Content Protection"],"fullName":"Content Protection should filter out Content segments from actionable list","status":"passed","title":"should filter out Content segments from actionable list","duration":0.5526999999999589,"failureMessages":[],"meta":{}},{"ancestorTitles":["Content Protection"],"fullName":"Content Protection should be disabled by default","status":"passed","title":"should be disabled by default","duration":0.5701000000001386,"failureMessages":[],"meta":{}},{"ancestorTitles":["Content Protection"],"fullName":"Content Protection should require both enabled and autoSkip to be true","status":"passed","title":"should require both enabled and autoSkip to be true","duration":0.40650000000005093,"failureMessages":[],"meta":{}},{"ancestorTitles":["Content Protection"],"fullName":"Content Protection should ignore segments with action set to ignore","status":"passed","title":"should ignore segments with action set to ignore","duration":0.5650000000000546,"failureMessages":[],"meta":{}},{"ancestorTitles":["Content Protection"],"fullName":"Content Protection should respect minSegmentDuration filter","status":"passed","title":"should respect minSegmentDuration filter","duration":1.559400000000096,"failureMessages":[],"meta":{}}],"startTime":1764490321181,"endTime":1764490321196.5593,"status":"passed","message":"","name":"C:/AM/GitHub/YouTube-AI-Navigator/tests/content-protection.test.js"},{"assertionResults":[{"ancestorTitles":["ErrorHandler"],"fullName":"ErrorHandler should classify auth error","status":"passed","title":"should classify auth error","duration":2.236499999999978,"failureMessages":[],"meta":{}},{"ancestorTitles":["ErrorHandler"],"fullName":"ErrorHandler should classify rate limit error","status":"passed","title":"should classify rate limit error","duration":0.5304000000000997,"failureMessages":[],"meta":{}},{"ancestorTitles":["ErrorHandler"],"fullName":"ErrorHandler should classify bad request","status":"passed","title":"should classify bad request","duration":0.3479000000002088,"failureMessages":[],"meta":{}},{"ancestorTitles":["ErrorHandler"],"fullName":"ErrorHandler should classify server error","status":"passed","title":"should classify server error","duration":0.5813000000000557,"failureMessages":[],"meta":{}},{"ancestorTitles":["ErrorHandler"],"fullName":"ErrorHandler should classify timeout","status":"passed","title":"should classify timeout","duration":0.5753999999999451,"failureMessages":[],"meta":{}},{"ancestorTitles":["ErrorHandler"],"fullName":"ErrorHandler should classify network error","status":"passed","title":"should classify network error","duration":0.28089999999997417,"failureMessages":[],"meta":{}},{"ancestorTitles":["ErrorHandler"],"fullName":"ErrorHandler should create user error","status":"passed","title":"should create user error","duration":0.3813999999999851,"failureMessages":[],"meta":{}},{"ancestorTitles":["ErrorHandler"],"fullName":"ErrorHandler should handle unknown errors","status":"passed","title":"should handle unknown errors","duration":0.23739999999997963,"failureMessages":[],"meta":{}}],"startTime":1764490321152,"endTime":1764490321157.3813,"status":"passed","message":"","name":"C:/AM/GitHub/YouTube-AI-Navigator/tests/error-handler.test.js"},{"assertionResults":[{"ancestorTitles":["Import Integrity"],"fullName":"Import Integrity validates all imports have matching exports","status":"passed","title":"validates all imports have matching exports","duration":59.39200000000005,"failureMessages":[],"meta":{}},{"ancestorTitles":["Import Integrity"],"fullName":"Import Integrity validates no default exports","status":"passed","title":"validates no default exports","duration":19.51839999999993,"failureMessages":[],"meta":{}},{"ancestorTitles":["Import Integrity"],"fullName":"Import Integrity validates no duplicate shortcut names","status":"passed","title":"validates no duplicate shortcut names","duration":2.87480000000005,"failureMessages":[],"meta":{}}],"startTime":1764490321099,"endTime":1764490321180.8748,"status":"passed","message":"","name":"C:/AM/GitHub/YouTube-AI-Navigator/tests/import-integrity.test.js"},{"assertionResults":[{"ancestorTitles":["AutoSave"],"fullName":"AutoSave should save settings after delay","status":"passed","title":"should save settings after delay","duration":8.008999999999787,"failureMessages":[],"meta":{}},{"ancestorTitles":["AutoSave"],"fullName":"AutoSave should debounce multiple saves","status":"passed","title":"should debounce multiple saves","duration":1.8319000000001324,"failureMessages":[],"meta":{}},{"ancestorTitles":["AutoSave"],"fullName":"AutoSave should handle save errors","status":"passed","title":"should handle save errors","duration":1.1423999999999523,"failureMessages":[],"meta":{}}],"startTime":1764490321175,"endTime":1764490321186.1423,"status":"passed","message":"","name":"C:/AM/GitHub/YouTube-AI-Navigator/tests/options.test.js"},{"assertionResults":[{"ancestorTitles":["ScrollManager"],"fullName":"ScrollManager should be a singleton","status":"passed","title":"should be a singleton","duration":53.27110000000016,"failureMessages":[],"meta":{}},{"ancestorTitles":["ScrollManager"],"fullName":"ScrollManager should scroll to comments using smart scroll","status":"passed","title":"should scroll to comments using smart scroll","duration":1.740099999999984,"failureMessages":[],"meta":{}}],"startTime":1764490321114,"endTime":1764490321169.74,"status":"passed","message":"","name":"C:/AM/GitHub/YouTube-AI-Navigator/tests/scroll-manager.test.js"},{"assertionResults":[{"ancestorTitles":["Segment Configuration"],"fullName":"Segment Configuration default config includes all segment categories","status":"passed","title":"default config includes all segment categories","duration":4.307399999999916,"failureMessages":[],"meta":{}},{"ancestorTitles":["Segment Configuration"],"fullName":"Segment Configuration merges loaded settings preserving custom category configs","status":"passed","title":"merges loaded settings preserving custom category configs","duration":0.8755999999998494,"failureMessages":[],"meta":{}}],"startTime":1764490321181,"endTime":1764490321186.8755,"status":"passed","message":"","name":"C:/AM/GitHub/YouTube-AI-Navigator/tests/segments-config.test.js"},{"assertionResults":[{"ancestorTitles":["Segments UI Module Tests","Initialization"],"fullName":"Segments UI Module Tests Initialization should initialize with settings manager","status":"passed","title":"should initialize with settings manager","duration":3.3276999999998225,"failureMessages":[],"meta":{}},{"ancestorTitles":["Segments UI Module Tests","Initialization"],"fullName":"Segments UI Module Tests Initialization should read enabled state from settings","status":"passed","title":"should read enabled state from settings","duration":0.695699999999988,"failureMessages":[],"meta":{}},{"ancestorTitles":["Segments UI Module Tests","Bulk Operations"],"fullName":"Segments UI Module Tests Bulk Operations should setAll to skip","status":"passed","title":"should setAll to skip","duration":5.379599999999982,"failureMessages":[],"meta":{}},{"ancestorTitles":["Segments UI Module Tests","Bulk Operations"],"fullName":"Segments UI Module Tests Bulk Operations should setAll to speed","status":"passed","title":"should setAll to speed","duration":3.5290999999999713,"failureMessages":[],"meta":{}},{"ancestorTitles":["Segments UI Module Tests","Bulk Operations"],"fullName":"Segments UI Module Tests Bulk Operations should setAll to ignore","status":"passed","title":"should setAll to ignore","duration":2.070699999999988,"failureMessages":[],"meta":{}},{"ancestorTitles":["Segments UI Module Tests","Bulk Operations"],"fullName":"Segments UI Module Tests Bulk Operations should preserve speed when changing action","status":"passed","title":"should preserve speed when changing action","duration":1.702099999999973,"failureMessages":[],"meta":{}},{"ancestorTitles":["Segments UI Module Tests","Individual Updates"],"fullName":"Segments UI Module Tests Individual Updates should update single category action","status":"passed","title":"should update single category action","duration":0.342200000000048,"failureMessages":[],"meta":{}},{"ancestorTitles":["Segments UI Module Tests","Individual Updates"],"fullName":"Segments UI Module Tests Individual Updates should update single category speed","status":"passed","title":"should update single category speed","duration":0.22210000000018226,"failureMessages":[],"meta":{}},{"ancestorTitles":["Segments UI Module Tests","Individual Updates"],"fullName":"Segments UI Module Tests Individual Updates should create category config if missing","status":"passed","title":"should create category config if missing","duration":0.4156000000000404,"failureMessages":[],"meta":{}},{"ancestorTitles":["Segments UI Module Tests","Settings Synchronization"],"fullName":"Segments UI Module Tests Settings Synchronization should call SettingsManager save on update","status":"passed","title":"should call SettingsManager save on update","duration":0.9537000000000262,"failureMessages":[],"meta":{}},{"ancestorTitles":["Segments UI Module Tests","Settings Synchronization"],"fullName":"Segments UI Module Tests Settings Synchronization should call SettingsManager save on setAll","status":"passed","title":"should call SettingsManager save on setAll","duration":1.598700000000008,"failureMessages":[],"meta":{}}],"startTime":1764490321186,"endTime":1764490321207.5986,"status":"passed","message":"","name":"C:/AM/GitHub/YouTube-AI-Navigator/tests/segments-ui.test.js"},{"assertionResults":[{"ancestorTitles":["SettingsManager"],"fullName":"SettingsManager initializes with default segment categories populated","status":"passed","title":"initializes with default segment categories populated","duration":3.227999999999838,"failureMessages":[],"meta":{}},{"ancestorTitles":["SettingsManager"],"fullName":"SettingsManager includes all segment categories in defaults","status":"passed","title":"includes all segment categories in defaults","duration":1.6364000000000942,"failureMessages":[],"meta":{}},{"ancestorTitles":["SettingsManager"],"fullName":"SettingsManager sets sponsor category to skip by default","status":"passed","title":"sets sponsor category to skip by default","duration":0.39570000000003347,"failureMessages":[],"meta":{}},{"ancestorTitles":["SettingsManager"],"fullName":"SettingsManager sets poi_highlight to ignore by default","status":"passed","title":"sets poi_highlight to ignore by default","duration":0.6695999999999458,"failureMessages":[],"meta":{}},{"ancestorTitles":["SettingsManager"],"fullName":"SettingsManager sets segments disabled by default","status":"passed","title":"sets segments disabled by default","duration":0.38610000000016953,"failureMessages":[],"meta":{}},{"ancestorTitles":["SettingsManager"],"fullName":"SettingsManager sets most categories to ignore by default","status":"passed","title":"sets most categories to ignore by default","duration":0.4497999999998683,"failureMessages":[],"meta":{}},{"ancestorTitles":["SettingsManager"],"fullName":"SettingsManager merges loaded settings with defaults preserving custom values","status":"passed","title":"merges loaded settings with defaults preserving custom values","duration":0.7606999999998152,"failureMessages":[],"meta":{}},{"ancestorTitles":["SettingsManager"],"fullName":"SettingsManager handles empty loaded settings gracefully","status":"passed","title":"handles empty loaded settings gracefully","duration":0.33159999999998035,"failureMessages":[],"meta":{}}],"startTime":1764490321182,"endTime":1764490321190.3315,"status":"passed","message":"","name":"C:/AM/GitHub/YouTube-AI-Navigator/tests/settings-manager.test.js"},{"assertionResults":[{"ancestorTitles":["AutoSkip"],"fullName":"AutoSkip should skip sponsor segments when enabled","status":"passed","title":"should skip sponsor segments when enabled","duration":13.891000000000076,"failureMessages":[],"meta":{}},{"ancestorTitles":["AutoSkip"],"fullName":"AutoSkip should speed up intro segments when configured","status":"passed","title":"should speed up intro segments when configured","duration":1.498299999999972,"failureMessages":[],"meta":{}},{"ancestorTitles":["AutoSkip"],"fullName":"AutoSkip should restore speed after segment","status":"passed","title":"should restore speed after segment","duration":1.4743000000000848,"failureMessages":[],"meta":{}}],"startTime":1764490321180,"endTime":1764490321196.4744,"status":"passed","message":"","name":"C:/AM/GitHub/YouTube-AI-Navigator/tests/skipping.test.js"}]}